<?xml version="1.0" encoding="UTF-8"?>
<testsuite xmlns:xsi="http://www.w3.org/2001/XMLSchema-instance" xsi:noNamespaceSchemaLocation="https://maven.apache.org/surefire/maven-surefire-plugin/xsd/surefire-test-report.xsd" name="com.test.cucumber.TestRunner" time="168.82" tests="7" errors="0" skipped="0" failures="3">
  <properties>
[...]
</properties>
  <testcase name="Validate user is able to login using Valid Credentials" classname="Validate the Login functionality test scenarios" time="36.601"/>
  <testcase name="Validate user is not able to login using InValid Credentials #1" classname="Validate the Login functionality test scenarios" time="20.938"/>
  <testcase name="Validate user is not able to login using InValid Credentials #2" classname="Validate the Login functionality test scenarios" time="21.699"/>
  <testcase name="Validate user is not able to login using InValid Credentials #3" classname="Validate the Login functionality test scenarios" time="20.352">
    <failure message="expected:&lt;Username [is required]&gt; but was:&lt;Username [and password do not match any user in this service.]&gt;" type="org.junit.ComparisonFailure"><![CDATA[org.junit.ComparisonFailure: expected:<Username [is required]> but was:<Username [and password do not match any user in this service.]>
]]></failure>
    <system-err><![CDATA[Feb 26, 2021 9:27:25 AM io.appium.java_client.remote.AppiumCommandExecutor$1 lambda$0
INFO: Detected dialect: W3C
]]></system-err>
  </testcase>
  <testcase name="Validate user is not able to login using InValid Credentials #4" classname="Validate the Login functionality test scenarios" time="21.058">
    <failure message="expected:&lt;[Password is required]&gt; but was:&lt;[Username and password do not match any user in this service.]&gt;" type="org.junit.ComparisonFailure"><![CDATA[org.junit.ComparisonFailure: expected:<[Password is required]> but was:<[Username and password do not match any user in this service.]>
]]></failure>
    <system-err><![CDATA[Feb 26, 2021 9:27:46 AM io.appium.java_client.remote.AppiumCommandExecutor$1 lambda$0
INFO: Detected dialect: W3C
]]></system-err>
  </testcase>
  <testcase name="Validate user is not able to login using InValid Credentials #5" classname="Validate the Login functionality test scenarios" time="20.562">
    <failure message="expected:&lt;Username [is required]&gt; but was:&lt;Username [and password do not match any user in this service.]&gt;" type="org.junit.ComparisonFailure"><![CDATA[org.junit.ComparisonFailure: expected:<Username [is required]> but was:<Username [and password do not match any user in this service.]>
]]></failure>
    <system-err><![CDATA[Feb 26, 2021 9:28:07 AM io.appium.java_client.remote.AppiumCommandExecutor$1 lambda$0
INFO: Detected dialect: W3C
]]></system-err>
  </testcase>
  <testcase name="Validate user is able to login using Valid Credentials and Navigate to Products details page" classname="Validate the Product Details Page Navigation" time="25.257"/>
</testsuite>